{
  "RSpec": {
    "coverage": {
      "/home/msvinicus/Documentos/alivecommerce/spec/support/database_cleaner.rb": {
        "lines": [
          1,
          1,
          1,
          1,
          null,
          null,
          1,
          1,
          1,
          null,
          null,
          null
        ]
      },
      "/home/msvinicus/Documentos/alivecommerce/spec/support/request_helpers.rb": {
        "lines": [
          1,
          1,
          1,
          0,
          null,
          null,
          null
        ]
      },
      "/home/msvinicus/Documentos/alivecommerce/app/models/phone_arquivo.rb": {
        "lines": [
          1,
          1,
          null,
          1,
          1,
          null,
          1,
          null,
          1,
          0,
          null,
          0,
          0,
          0,
          0,
          0,
          0,
          null,
          null,
          null,
          null,
          null,
          null,
          null,
          null,
          null,
          null,
          null,
          null,
          null,
          null,
          null,
          null,
          null,
          null,
          null,
          null,
          null
        ]
      },
      "/home/msvinicus/Documentos/alivecommerce/app/uploaders/csv_uploader.rb": {
        "lines": [
          1,
          null,
          null,
          null,
          null,
          null,
          null,
          1,
          null,
          null,
          null,
          null,
          1,
          0,
          null,
          null,
          1,
          1,
          null,
          null,
          1,
          0,
          null,
          null,
          1,
          null,
          0,
          0,
          null,
          null,
          null,
          null,
          null,
          null,
          null,
          null,
          null,
          null,
          null,
          null,
          null,
          null,
          null,
          null,
          null,
          null,
          null,
          null,
          null,
          null,
          null,
          null,
          null,
          1,
          0,
          null,
          null,
          null,
          null,
          null,
          null,
          null,
          null,
          null
        ]
      },
      "/home/msvinicus/Documentos/alivecommerce/app/models/phone.rb": {
        "lines": [
          1,
          1,
          null
        ]
      }
    },
    "timestamp": 1637863155
  }
}
